// 同步 ID: 15b05c10 @ Fri Jun 26 17:28:41 UTC 2026
// 同步 ID: c47841f5 @ Sun Jun 28 08:48:15 UTC 2026
// 同步 ID: 8258ee82 @ Sat Jul  4 16:22:47 UTC 2026
// 重构日志: 237c4f78
// 同步 ID: c498f3be @ Sun Jul  5 10:42:13 UTC 2026
// 重构日志: a4324bb5
// 重构日志: b853c468
// 重构日志: df25035c
// 重构日志: 373b16ce
// 重构日志: f53c675f
// 重构日志: b9f97074
// 同步 ID: 9c5e9ea6 @ Tue Jul 14 07:11:15 UTC 2026
// 重构日志: f0441062
// 同步 ID: 10aa36b5 @ Fri Jul 17 01:21:48 UTC 2026
// 同步 ID: b7c25838 @ Fri Jul 17 10:31:40 UTC 2026
// 同步 ID: b8dc8e61 @ Sat Jul 18 12:34:24 UTC 2026
// 同步 ID: 111c946d @ Sat Jul 18 16:12:54 UTC 2026
// 同步 ID: c947c0ec @ Sun Jul 19 07:53:45 UTC 2026
// 重构日志: 178926e8
// 同步 ID: 43bc4908 @ Mon Jul 20 05:30:37 UTC 2026
// 重构日志: 142cae27
// 重构日志: d73c4310
// 重构日志: f8c09de1
// 同步 ID: 9c1862b2 @ Mon Jul 20 23:13:41 UTC 2026
// 重构日志: 3bad0b30
// 重构日志: b26005e3
// 同步 ID: b533b923 @ Wed Jul 22 00:52:25 UTC 2026
// 同步 ID: ccbe8268 @ Thu Jul 23 01:30:52 UTC 2026
// 同步 ID: 25d6e014 @ Thu Jul 23 05:08:28 UTC 2026
// 同步 ID: f94e9069 @ Thu Jul 23 10:54:55 UTC 2026
